# Logfile created on 2011-12-26 08:30:09 +0100 by logger.rb/31641
REQUESTING PAGE: GET / with {} and HTTP headers {}
REQUESTING PAGE: GET /de/about with {} and HTTP headers {"HTTP_REFERER"=>"/"}
REQUESTING PAGE: GET /de/help with {} and HTTP headers {"HTTP_REFERER"=>"/de/about"}
REQUESTING PAGE: GET /de/contact with {} and HTTP headers {"HTTP_REFERER"=>"/de/help"}
REQUESTING PAGE: GET /de with {} and HTTP headers {"HTTP_REFERER"=>"/de/contact"}
REQUESTING PAGE: GET /de/tools with {} and HTTP headers {"HTTP_REFERER"=>"/de"}
REQUESTING PAGE: GET /de/khplanner with {} and HTTP headers {"HTTP_REFERER"=>"/de/tools"}
REQUESTING PAGE: GET / with {} and HTTP headers {}
REQUESTING PAGE: GET /de/about with {} and HTTP headers {"HTTP_REFERER"=>"/"}
REQUESTING PAGE: GET /de/help with {} and HTTP headers {"HTTP_REFERER"=>"/de/about"}
REQUESTING PAGE: GET /de/contact with {} and HTTP headers {"HTTP_REFERER"=>"/de/help"}
REQUESTING PAGE: GET /de with {} and HTTP headers {"HTTP_REFERER"=>"/de/contact"}
REQUESTING PAGE: GET /de/tools with {} and HTTP headers {"HTTP_REFERER"=>"/de"}
REQUESTING PAGE: GET /de/khplanner with {} and HTTP headers {"HTTP_REFERER"=>"/de/tools"}
REQUESTING PAGE: GET / with {} and HTTP headers {}
REQUESTING PAGE: GET / with {} and HTTP headers {}
REQUESTING PAGE: GET / with {} and HTTP headers {}
REQUESTING PAGE: GET /de/about with {} and HTTP headers {"HTTP_REFERER"=>"/"}
REQUESTING PAGE: GET /de/help with {} and HTTP headers {"HTTP_REFERER"=>"/de/about"}
REQUESTING PAGE: GET /de/contact with {} and HTTP headers {"HTTP_REFERER"=>"/de/help"}
REQUESTING PAGE: GET /de with {} and HTTP headers {"HTTP_REFERER"=>"/de/contact"}
REQUESTING PAGE: GET /de/tools with {} and HTTP headers {"HTTP_REFERER"=>"/de"}
REQUESTING PAGE: GET /de/khplanner with {} and HTTP headers {"HTTP_REFERER"=>"/de/tools"}
REQUESTING PAGE: GET / with {} and HTTP headers {}
REQUESTING PAGE: GET /de/about with {} and HTTP headers {"HTTP_REFERER"=>"/"}
REQUESTING PAGE: GET /de/help with {} and HTTP headers {"HTTP_REFERER"=>"/de/about"}
REQUESTING PAGE: GET /de/contact with {} and HTTP headers {"HTTP_REFERER"=>"/de/help"}
REQUESTING PAGE: GET /de with {} and HTTP headers {"HTTP_REFERER"=>"/de/contact"}
REQUESTING PAGE: GET /de/tools with {} and HTTP headers {"HTTP_REFERER"=>"/de"}
REQUESTING PAGE: GET /de/khplanner with {} and HTTP headers {"HTTP_REFERER"=>"/de/tools"}
REQUESTING PAGE: GET / with {} and HTTP headers {}
REQUESTING PAGE: GET / with {} and HTTP headers {}
REQUESTING PAGE: GET / with {} and HTTP headers {}
REQUESTING PAGE: GET /de/about with {} and HTTP headers {"HTTP_REFERER"=>"/"}
REQUESTING PAGE: GET /de/help with {} and HTTP headers {"HTTP_REFERER"=>"/de/about"}
REQUESTING PAGE: GET /de/contact with {} and HTTP headers {"HTTP_REFERER"=>"/de/help"}
REQUESTING PAGE: GET /de with {} and HTTP headers {"HTTP_REFERER"=>"/de/contact"}
REQUESTING PAGE: GET /de/tools with {} and HTTP headers {"HTTP_REFERER"=>"/de"}
REQUESTING PAGE: GET /de/khplanner with {} and HTTP headers {"HTTP_REFERER"=>"/de/tools"}
REQUESTING PAGE: GET / with {} and HTTP headers {}
REQUESTING PAGE: GET /de/about with {} and HTTP headers {"HTTP_REFERER"=>"/"}
REQUESTING PAGE: GET /de/help with {} and HTTP headers {"HTTP_REFERER"=>"/de/about"}
REQUESTING PAGE: GET /de/contact with {} and HTTP headers {"HTTP_REFERER"=>"/de/help"}
REQUESTING PAGE: GET /de with {} and HTTP headers {"HTTP_REFERER"=>"/de/contact"}
REQUESTING PAGE: GET /de/tools with {} and HTTP headers {"HTTP_REFERER"=>"/de"}
REQUESTING PAGE: GET /de/khplanner with {} and HTTP headers {"HTTP_REFERER"=>"/de/tools"}
REQUESTING PAGE: GET / with {} and HTTP headers {}
REQUESTING PAGE: GET / with {} and HTTP headers {}
REQUESTING PAGE: GET / with {} and HTTP headers {}
REQUESTING PAGE: GET /de/about with {} and HTTP headers {"HTTP_REFERER"=>"/"}
REQUESTING PAGE: GET /de/help with {} and HTTP headers {"HTTP_REFERER"=>"/de/about"}
REQUESTING PAGE: GET /de/contact with {} and HTTP headers {"HTTP_REFERER"=>"/de/help"}
REQUESTING PAGE: GET /de with {} and HTTP headers {"HTTP_REFERER"=>"/de/contact"}
REQUESTING PAGE: GET /de/tools with {} and HTTP headers {"HTTP_REFERER"=>"/de"}
REQUESTING PAGE: GET /de/khplanner with {} and HTTP headers {"HTTP_REFERER"=>"/de/tools"}
REQUESTING PAGE: GET / with {} and HTTP headers {}
REQUESTING PAGE: GET /de/about with {} and HTTP headers {"HTTP_REFERER"=>"/"}
REQUESTING PAGE: GET /de/help with {} and HTTP headers {"HTTP_REFERER"=>"/de/about"}
REQUESTING PAGE: GET /de/contact with {} and HTTP headers {"HTTP_REFERER"=>"/de/help"}
REQUESTING PAGE: GET /de with {} and HTTP headers {"HTTP_REFERER"=>"/de/contact"}
REQUESTING PAGE: GET /de/tools with {} and HTTP headers {"HTTP_REFERER"=>"/de"}
REQUESTING PAGE: GET /de/khplanner with {} and HTTP headers {"HTTP_REFERER"=>"/de/tools"}
REQUESTING PAGE: GET / with {} and HTTP headers {}
REQUESTING PAGE: GET / with {} and HTTP headers {}
REQUESTING PAGE: GET / with {} and HTTP headers {}
REQUESTING PAGE: GET /de/about with {} and HTTP headers {"HTTP_REFERER"=>"/"}
REQUESTING PAGE: GET /de/help with {} and HTTP headers {"HTTP_REFERER"=>"/de/about"}
REQUESTING PAGE: GET /de/contact with {} and HTTP headers {"HTTP_REFERER"=>"/de/help"}
REQUESTING PAGE: GET /de with {} and HTTP headers {"HTTP_REFERER"=>"/de/contact"}
REQUESTING PAGE: GET /de/tools with {} and HTTP headers {"HTTP_REFERER"=>"/de"}
REQUESTING PAGE: GET /de/khplanner with {} and HTTP headers {"HTTP_REFERER"=>"/de/tools"}
REQUESTING PAGE: GET / with {} and HTTP headers {}
REQUESTING PAGE: GET /de/about with {} and HTTP headers {"HTTP_REFERER"=>"/"}
REQUESTING PAGE: GET /de/help with {} and HTTP headers {"HTTP_REFERER"=>"/de/about"}
REQUESTING PAGE: GET /de/contact with {} and HTTP headers {"HTTP_REFERER"=>"/de/help"}
REQUESTING PAGE: GET /de with {} and HTTP headers {"HTTP_REFERER"=>"/de/contact"}
REQUESTING PAGE: GET /de/tools with {} and HTTP headers {"HTTP_REFERER"=>"/de"}
REQUESTING PAGE: GET /de/khplanner with {} and HTTP headers {"HTTP_REFERER"=>"/de/tools"}
REQUESTING PAGE: GET / with {} and HTTP headers {}
REQUESTING PAGE: GET / with {} and HTTP headers {}
REQUESTING PAGE: GET / with {} and HTTP headers {}
REQUESTING PAGE: GET /de/about with {} and HTTP headers {"HTTP_REFERER"=>"/"}
REQUESTING PAGE: GET /de/help with {} and HTTP headers {"HTTP_REFERER"=>"/de/about"}
REQUESTING PAGE: GET /de/contact with {} and HTTP headers {"HTTP_REFERER"=>"/de/help"}
REQUESTING PAGE: GET /de with {} and HTTP headers {"HTTP_REFERER"=>"/de/contact"}
REQUESTING PAGE: GET /de/tools with {} and HTTP headers {"HTTP_REFERER"=>"/de"}
REQUESTING PAGE: GET /de/khplanner with {} and HTTP headers {"HTTP_REFERER"=>"/de/tools"}
REQUESTING PAGE: GET / with {} and HTTP headers {}
REQUESTING PAGE: GET /de/about with {} and HTTP headers {"HTTP_REFERER"=>"/"}
REQUESTING PAGE: GET /de/help with {} and HTTP headers {"HTTP_REFERER"=>"/de/about"}
REQUESTING PAGE: GET /de/contact with {} and HTTP headers {"HTTP_REFERER"=>"/de/help"}
REQUESTING PAGE: GET /de with {} and HTTP headers {"HTTP_REFERER"=>"/de/contact"}
REQUESTING PAGE: GET /de/tools with {} and HTTP headers {"HTTP_REFERER"=>"/de"}
REQUESTING PAGE: GET /de/khplanner with {} and HTTP headers {"HTTP_REFERER"=>"/de/tools"}
REQUESTING PAGE: GET / with {} and HTTP headers {}
REQUESTING PAGE: GET / with {} and HTTP headers {}
REQUESTING PAGE: GET / with {} and HTTP headers {}
REQUESTING PAGE: GET /de/about with {} and HTTP headers {"HTTP_REFERER"=>"/"}
REQUESTING PAGE: GET /de/help with {} and HTTP headers {"HTTP_REFERER"=>"/de/about"}
REQUESTING PAGE: GET /de/contact with {} and HTTP headers {"HTTP_REFERER"=>"/de/help"}
REQUESTING PAGE: GET /de with {} and HTTP headers {"HTTP_REFERER"=>"/de/contact"}
REQUESTING PAGE: GET /de/tools with {} and HTTP headers {"HTTP_REFERER"=>"/de"}
REQUESTING PAGE: GET /de/khplanner with {} and HTTP headers {"HTTP_REFERER"=>"/de/tools"}
REQUESTING PAGE: GET / with {} and HTTP headers {}
REQUESTING PAGE: GET /de/about with {} and HTTP headers {"HTTP_REFERER"=>"/"}
REQUESTING PAGE: GET /de/help with {} and HTTP headers {"HTTP_REFERER"=>"/de/about"}
REQUESTING PAGE: GET /de/contact with {} and HTTP headers {"HTTP_REFERER"=>"/de/help"}
REQUESTING PAGE: GET /de with {} and HTTP headers {"HTTP_REFERER"=>"/de/contact"}
REQUESTING PAGE: GET /de/tools with {} and HTTP headers {"HTTP_REFERER"=>"/de"}
REQUESTING PAGE: GET /de/khplanner with {} and HTTP headers {"HTTP_REFERER"=>"/de/tools"}
REQUESTING PAGE: GET / with {} and HTTP headers {}
REQUESTING PAGE: GET / with {} and HTTP headers {}
REQUESTING PAGE: GET / with {} and HTTP headers {}
REQUESTING PAGE: GET /de/about with {} and HTTP headers {"HTTP_REFERER"=>"/"}
REQUESTING PAGE: GET /de/help with {} and HTTP headers {"HTTP_REFERER"=>"/de/about"}
REQUESTING PAGE: GET /de/contact with {} and HTTP headers {"HTTP_REFERER"=>"/de/help"}
REQUESTING PAGE: GET /de with {} and HTTP headers {"HTTP_REFERER"=>"/de/contact"}
REQUESTING PAGE: GET /de/tools with {} and HTTP headers {"HTTP_REFERER"=>"/de"}
REQUESTING PAGE: GET /de/khplanner with {} and HTTP headers {"HTTP_REFERER"=>"/de/tools"}
REQUESTING PAGE: GET / with {} and HTTP headers {}
REQUESTING PAGE: GET /de/about with {} and HTTP headers {"HTTP_REFERER"=>"/"}
REQUESTING PAGE: GET /de/help with {} and HTTP headers {"HTTP_REFERER"=>"/de/about"}
REQUESTING PAGE: GET /de/contact with {} and HTTP headers {"HTTP_REFERER"=>"/de/help"}
REQUESTING PAGE: GET /de with {} and HTTP headers {"HTTP_REFERER"=>"/de/contact"}
REQUESTING PAGE: GET /de/tools with {} and HTTP headers {"HTTP_REFERER"=>"/de"}
REQUESTING PAGE: GET /de/khplanner with {} and HTTP headers {"HTTP_REFERER"=>"/de/tools"}
REQUESTING PAGE: GET / with {} and HTTP headers {}
REQUESTING PAGE: GET / with {} and HTTP headers {}
REQUESTING PAGE: GET / with {} and HTTP headers {}
REQUESTING PAGE: GET /de/about with {} and HTTP headers {"HTTP_REFERER"=>"/"}
REQUESTING PAGE: GET /de/help with {} and HTTP headers {"HTTP_REFERER"=>"/de/about"}
REQUESTING PAGE: GET /de/contact with {} and HTTP headers {"HTTP_REFERER"=>"/de/help"}
REQUESTING PAGE: GET /de with {} and HTTP headers {"HTTP_REFERER"=>"/de/contact"}
REQUESTING PAGE: GET /de/tools with {} and HTTP headers {"HTTP_REFERER"=>"/de"}
REQUESTING PAGE: GET /de/khplanner with {} and HTTP headers {"HTTP_REFERER"=>"/de/tools"}
REQUESTING PAGE: GET / with {} and HTTP headers {}
REQUESTING PAGE: GET /de/about with {} and HTTP headers {"HTTP_REFERER"=>"/"}
REQUESTING PAGE: GET /de/help with {} and HTTP headers {"HTTP_REFERER"=>"/de/about"}
REQUESTING PAGE: GET /de/contact with {} and HTTP headers {"HTTP_REFERER"=>"/de/help"}
REQUESTING PAGE: GET /de with {} and HTTP headers {"HTTP_REFERER"=>"/de/contact"}
REQUESTING PAGE: GET /de/tools with {} and HTTP headers {"HTTP_REFERER"=>"/de"}
REQUESTING PAGE: GET /de/khplanner with {} and HTTP headers {"HTTP_REFERER"=>"/de/tools"}
REQUESTING PAGE: GET / with {} and HTTP headers {}
REQUESTING PAGE: GET / with {} and HTTP headers {}
REQUESTING PAGE: GET / with {} and HTTP headers {}
REQUESTING PAGE: GET /de/about with {} and HTTP headers {"HTTP_REFERER"=>"/"}
REQUESTING PAGE: GET /de/help with {} and HTTP headers {"HTTP_REFERER"=>"/de/about"}
REQUESTING PAGE: GET /de/contact with {} and HTTP headers {"HTTP_REFERER"=>"/de/help"}
REQUESTING PAGE: GET /de with {} and HTTP headers {"HTTP_REFERER"=>"/de/contact"}
REQUESTING PAGE: GET /de/tools with {} and HTTP headers {"HTTP_REFERER"=>"/de"}
REQUESTING PAGE: GET /de/khplanner with {} and HTTP headers {"HTTP_REFERER"=>"/de/tools"}
REQUESTING PAGE: GET / with {} and HTTP headers {}
REQUESTING PAGE: GET /de/about with {} and HTTP headers {"HTTP_REFERER"=>"/"}
REQUESTING PAGE: GET /de/help with {} and HTTP headers {"HTTP_REFERER"=>"/de/about"}
REQUESTING PAGE: GET /de/contact with {} and HTTP headers {"HTTP_REFERER"=>"/de/help"}
REQUESTING PAGE: GET /de with {} and HTTP headers {"HTTP_REFERER"=>"/de/contact"}
REQUESTING PAGE: GET /de/tools with {} and HTTP headers {"HTTP_REFERER"=>"/de"}
REQUESTING PAGE: GET /de/khplanner with {} and HTTP headers {"HTTP_REFERER"=>"/de/tools"}
REQUESTING PAGE: GET / with {} and HTTP headers {}
REQUESTING PAGE: GET / with {} and HTTP headers {}
REQUESTING PAGE: GET / with {} and HTTP headers {}
REQUESTING PAGE: GET /de/about with {} and HTTP headers {"HTTP_REFERER"=>"/"}
REQUESTING PAGE: GET /de/help with {} and HTTP headers {"HTTP_REFERER"=>"/de/about"}
REQUESTING PAGE: GET /de/contact with {} and HTTP headers {"HTTP_REFERER"=>"/de/help"}
REQUESTING PAGE: GET /de with {} and HTTP headers {"HTTP_REFERER"=>"/de/contact"}
REQUESTING PAGE: GET /de/tools with {} and HTTP headers {"HTTP_REFERER"=>"/de"}
REQUESTING PAGE: GET /de/khplanner with {} and HTTP headers {"HTTP_REFERER"=>"/de/tools"}
REQUESTING PAGE: GET / with {} and HTTP headers {}
REQUESTING PAGE: GET /de/about with {} and HTTP headers {"HTTP_REFERER"=>"/"}
REQUESTING PAGE: GET /de/help with {} and HTTP headers {"HTTP_REFERER"=>"/de/about"}
REQUESTING PAGE: GET /de/contact with {} and HTTP headers {"HTTP_REFERER"=>"/de/help"}
REQUESTING PAGE: GET /de with {} and HTTP headers {"HTTP_REFERER"=>"/de/contact"}
REQUESTING PAGE: GET /de/tools with {} and HTTP headers {"HTTP_REFERER"=>"/de"}
REQUESTING PAGE: GET /de/khplanner with {} and HTTP headers {"HTTP_REFERER"=>"/de/tools"}
REQUESTING PAGE: GET / with {} and HTTP headers {}
REQUESTING PAGE: GET / with {} and HTTP headers {}
REQUESTING PAGE: GET / with {} and HTTP headers {}
REQUESTING PAGE: GET /de/about with {} and HTTP headers {"HTTP_REFERER"=>"/"}
REQUESTING PAGE: GET /de/help with {} and HTTP headers {"HTTP_REFERER"=>"/de/about"}
REQUESTING PAGE: GET /de/contact with {} and HTTP headers {"HTTP_REFERER"=>"/de/help"}
REQUESTING PAGE: GET /de with {} and HTTP headers {"HTTP_REFERER"=>"/de/contact"}
REQUESTING PAGE: GET /de/tools with {} and HTTP headers {"HTTP_REFERER"=>"/de"}
REQUESTING PAGE: GET /de/khplanner with {} and HTTP headers {"HTTP_REFERER"=>"/de/tools"}
REQUESTING PAGE: GET / with {} and HTTP headers {}
REQUESTING PAGE: GET /de/about with {} and HTTP headers {"HTTP_REFERER"=>"/"}
REQUESTING PAGE: GET /de/help with {} and HTTP headers {"HTTP_REFERER"=>"/de/about"}
REQUESTING PAGE: GET /de/contact with {} and HTTP headers {"HTTP_REFERER"=>"/de/help"}
REQUESTING PAGE: GET /de with {} and HTTP headers {"HTTP_REFERER"=>"/de/contact"}
REQUESTING PAGE: GET /de/tools with {} and HTTP headers {"HTTP_REFERER"=>"/de"}
REQUESTING PAGE: GET /de/khplanner with {} and HTTP headers {"HTTP_REFERER"=>"/de/tools"}
REQUESTING PAGE: GET / with {} and HTTP headers {}
REQUESTING PAGE: GET /de/about with {} and HTTP headers {"HTTP_REFERER"=>"/"}
REQUESTING PAGE: GET /de/help with {} and HTTP headers {"HTTP_REFERER"=>"/de/about"}
REQUESTING PAGE: GET /de/contact with {} and HTTP headers {"HTTP_REFERER"=>"/de/help"}
REQUESTING PAGE: GET /de with {} and HTTP headers {"HTTP_REFERER"=>"/de/contact"}
REQUESTING PAGE: GET /de/tools with {} and HTTP headers {"HTTP_REFERER"=>"/de"}
REQUESTING PAGE: GET /de/khplanner with {} and HTTP headers {"HTTP_REFERER"=>"/de/tools"}
REQUESTING PAGE: GET / with {} and HTTP headers {}
REQUESTING PAGE: GET /de/about with {} and HTTP headers {"HTTP_REFERER"=>"/"}
REQUESTING PAGE: GET /de/help with {} and HTTP headers {"HTTP_REFERER"=>"/de/about"}
REQUESTING PAGE: GET /de/contact with {} and HTTP headers {"HTTP_REFERER"=>"/de/help"}
REQUESTING PAGE: GET /de with {} and HTTP headers {"HTTP_REFERER"=>"/de/contact"}
REQUESTING PAGE: GET /de/tools with {} and HTTP headers {"HTTP_REFERER"=>"/de"}
REQUESTING PAGE: GET /de/khplanner with {} and HTTP headers {"HTTP_REFERER"=>"/de/tools"}
REQUESTING PAGE: GET / with {} and HTTP headers {}
REQUESTING PAGE: GET /de/about with {} and HTTP headers {"HTTP_REFERER"=>"/"}
REQUESTING PAGE: GET /de/help with {} and HTTP headers {"HTTP_REFERER"=>"/de/about"}
REQUESTING PAGE: GET /de/contact with {} and HTTP headers {"HTTP_REFERER"=>"/de/help"}
REQUESTING PAGE: GET /de with {} and HTTP headers {"HTTP_REFERER"=>"/de/contact"}
REQUESTING PAGE: GET /de/tools with {} and HTTP headers {"HTTP_REFERER"=>"/de"}
REQUESTING PAGE: GET /de/khplanner with {} and HTTP headers {"HTTP_REFERER"=>"/de/tools"}
REQUESTING PAGE: GET / with {} and HTTP headers {}
REQUESTING PAGE: GET /de/about with {} and HTTP headers {"HTTP_REFERER"=>"/"}
REQUESTING PAGE: GET /de/help with {} and HTTP headers {"HTTP_REFERER"=>"/de/about"}
REQUESTING PAGE: GET /de/contact with {} and HTTP headers {"HTTP_REFERER"=>"/de/help"}
REQUESTING PAGE: GET /de with {} and HTTP headers {"HTTP_REFERER"=>"/de/contact"}
REQUESTING PAGE: GET /de/tools with {} and HTTP headers {"HTTP_REFERER"=>"/de"}
REQUESTING PAGE: GET /de/khplanner with {} and HTTP headers {"HTTP_REFERER"=>"/de/tools"}
REQUESTING PAGE: GET / with {} and HTTP headers {}
REQUESTING PAGE: GET /de/about with {} and HTTP headers {"HTTP_REFERER"=>"/"}
REQUESTING PAGE: GET /de/help with {} and HTTP headers {"HTTP_REFERER"=>"/de/about"}
REQUESTING PAGE: GET /de/contact with {} and HTTP headers {"HTTP_REFERER"=>"/de/help"}
REQUESTING PAGE: GET /de with {} and HTTP headers {"HTTP_REFERER"=>"/de/contact"}
REQUESTING PAGE: GET /de/tools with {} and HTTP headers {"HTTP_REFERER"=>"/de"}
REQUESTING PAGE: GET /de/khplanner with {} and HTTP headers {"HTTP_REFERER"=>"/de/tools"}
REQUESTING PAGE: GET / with {} and HTTP headers {}
REQUESTING PAGE: GET /de/about with {} and HTTP headers {"HTTP_REFERER"=>"/"}
REQUESTING PAGE: GET /de/help with {} and HTTP headers {"HTTP_REFERER"=>"/de/about"}
REQUESTING PAGE: GET /de/contact with {} and HTTP headers {"HTTP_REFERER"=>"/de/help"}
REQUESTING PAGE: GET /de with {} and HTTP headers {"HTTP_REFERER"=>"/de/contact"}
REQUESTING PAGE: GET /de/tools with {} and HTTP headers {"HTTP_REFERER"=>"/de"}
REQUESTING PAGE: GET /de/khplanner with {} and HTTP headers {"HTTP_REFERER"=>"/de/tools"}
REQUESTING PAGE: GET / with {} and HTTP headers {}
REQUESTING PAGE: GET /de/about with {} and HTTP headers {"HTTP_REFERER"=>"/"}
REQUESTING PAGE: GET /de/help with {} and HTTP headers {"HTTP_REFERER"=>"/de/about"}
REQUESTING PAGE: GET /de/contact with {} and HTTP headers {"HTTP_REFERER"=>"/de/help"}
REQUESTING PAGE: GET /de with {} and HTTP headers {"HTTP_REFERER"=>"/de/contact"}
REQUESTING PAGE: GET /de/tools with {} and HTTP headers {"HTTP_REFERER"=>"/de"}
REQUESTING PAGE: GET /de/khplanner with {} and HTTP headers {"HTTP_REFERER"=>"/de/tools"}
REQUESTING PAGE: GET / with {} and HTTP headers {}
REQUESTING PAGE: GET /de/about with {} and HTTP headers {"HTTP_REFERER"=>"/"}
REQUESTING PAGE: GET /de/help with {} and HTTP headers {"HTTP_REFERER"=>"/de/about"}
REQUESTING PAGE: GET /de/contact with {} and HTTP headers {"HTTP_REFERER"=>"/de/help"}
REQUESTING PAGE: GET /de with {} and HTTP headers {"HTTP_REFERER"=>"/de/contact"}
REQUESTING PAGE: GET /de/tools with {} and HTTP headers {"HTTP_REFERER"=>"/de"}
REQUESTING PAGE: GET /de/khplanner with {} and HTTP headers {"HTTP_REFERER"=>"/de/tools"}
REQUESTING PAGE: GET / with {} and HTTP headers {}
REQUESTING PAGE: GET /de/about with {} and HTTP headers {"HTTP_REFERER"=>"/"}
REQUESTING PAGE: GET /de/help with {} and HTTP headers {"HTTP_REFERER"=>"/de/about"}
REQUESTING PAGE: GET /de/contact with {} and HTTP headers {"HTTP_REFERER"=>"/de/help"}
REQUESTING PAGE: GET /de with {} and HTTP headers {"HTTP_REFERER"=>"/de/contact"}
REQUESTING PAGE: GET /de/tools with {} and HTTP headers {"HTTP_REFERER"=>"/de"}
REQUESTING PAGE: GET /de/khplanner with {} and HTTP headers {"HTTP_REFERER"=>"/de/tools"}
REQUESTING PAGE: GET / with {} and HTTP headers {}
REQUESTING PAGE: GET /de/about with {} and HTTP headers {"HTTP_REFERER"=>"/"}
REQUESTING PAGE: GET /de/help with {} and HTTP headers {"HTTP_REFERER"=>"/de/about"}
REQUESTING PAGE: GET /de/contact with {} and HTTP headers {"HTTP_REFERER"=>"/de/help"}
REQUESTING PAGE: GET /de with {} and HTTP headers {"HTTP_REFERER"=>"/de/contact"}
REQUESTING PAGE: GET /de/tools with {} and HTTP headers {"HTTP_REFERER"=>"/de"}
REQUESTING PAGE: GET /de/khplanner with {} and HTTP headers {"HTTP_REFERER"=>"/de/tools"}
REQUESTING PAGE: GET / with {} and HTTP headers {}
REQUESTING PAGE: GET /de/about with {} and HTTP headers {"HTTP_REFERER"=>"/"}
REQUESTING PAGE: GET /de/help with {} and HTTP headers {"HTTP_REFERER"=>"/de/about"}
REQUESTING PAGE: GET /de/contact with {} and HTTP headers {"HTTP_REFERER"=>"/de/help"}
REQUESTING PAGE: GET /de with {} and HTTP headers {"HTTP_REFERER"=>"/de/contact"}
REQUESTING PAGE: GET /de/tools with {} and HTTP headers {"HTTP_REFERER"=>"/de"}
REQUESTING PAGE: GET /de/khplanner with {} and HTTP headers {"HTTP_REFERER"=>"/de/tools"}
REQUESTING PAGE: GET / with {} and HTTP headers {}
REQUESTING PAGE: GET /de/about with {} and HTTP headers {"HTTP_REFERER"=>"/"}
REQUESTING PAGE: GET /de/help with {} and HTTP headers {"HTTP_REFERER"=>"/de/about"}
REQUESTING PAGE: GET /de/contact with {} and HTTP headers {"HTTP_REFERER"=>"/de/help"}
REQUESTING PAGE: GET /de with {} and HTTP headers {"HTTP_REFERER"=>"/de/contact"}
REQUESTING PAGE: GET /de/tools with {} and HTTP headers {"HTTP_REFERER"=>"/de"}
REQUESTING PAGE: GET /de/khplanner with {} and HTTP headers {"HTTP_REFERER"=>"/de/tools"}
REQUESTING PAGE: GET / with {} and HTTP headers {}
REQUESTING PAGE: GET /de/about with {} and HTTP headers {"HTTP_REFERER"=>"/"}
REQUESTING PAGE: GET /de/help with {} and HTTP headers {"HTTP_REFERER"=>"/de/about"}
REQUESTING PAGE: GET /de/contact with {} and HTTP headers {"HTTP_REFERER"=>"/de/help"}
REQUESTING PAGE: GET /de with {} and HTTP headers {"HTTP_REFERER"=>"/de/contact"}
REQUESTING PAGE: GET /de/tools with {} and HTTP headers {"HTTP_REFERER"=>"/de"}
REQUESTING PAGE: GET /de/khplanner with {} and HTTP headers {"HTTP_REFERER"=>"/de/tools"}
REQUESTING PAGE: GET / with {} and HTTP headers {}
REQUESTING PAGE: GET /de/about with {} and HTTP headers {"HTTP_REFERER"=>"/"}
REQUESTING PAGE: GET /de/help with {} and HTTP headers {"HTTP_REFERER"=>"/de/about"}
REQUESTING PAGE: GET /de/contact with {} and HTTP headers {"HTTP_REFERER"=>"/de/help"}
REQUESTING PAGE: GET /de with {} and HTTP headers {"HTTP_REFERER"=>"/de/contact"}
REQUESTING PAGE: GET /de/tools with {} and HTTP headers {"HTTP_REFERER"=>"/de"}
REQUESTING PAGE: GET /de/khplanner with {} and HTTP headers {"HTTP_REFERER"=>"/de/tools"}
REQUESTING PAGE: GET / with {} and HTTP headers {}
REQUESTING PAGE: GET /de/about with {} and HTTP headers {"HTTP_REFERER"=>"/"}
REQUESTING PAGE: GET /de/help with {} and HTTP headers {"HTTP_REFERER"=>"/de/about"}
REQUESTING PAGE: GET /de/contact with {} and HTTP headers {"HTTP_REFERER"=>"/de/help"}
REQUESTING PAGE: GET /de with {} and HTTP headers {"HTTP_REFERER"=>"/de/contact"}
REQUESTING PAGE: GET /de/tools with {} and HTTP headers {"HTTP_REFERER"=>"/de"}
REQUESTING PAGE: GET /de/khplanner with {} and HTTP headers {"HTTP_REFERER"=>"/de/tools"}
REQUESTING PAGE: GET / with {} and HTTP headers {}
REQUESTING PAGE: GET /de/about with {} and HTTP headers {"HTTP_REFERER"=>"/"}
REQUESTING PAGE: GET /de/help with {} and HTTP headers {"HTTP_REFERER"=>"/de/about"}
REQUESTING PAGE: GET /de/contact with {} and HTTP headers {"HTTP_REFERER"=>"/de/help"}
REQUESTING PAGE: GET /de with {} and HTTP headers {"HTTP_REFERER"=>"/de/contact"}
REQUESTING PAGE: GET /de/tools with {} and HTTP headers {"HTTP_REFERER"=>"/de"}
REQUESTING PAGE: GET /de/khplanner with {} and HTTP headers {"HTTP_REFERER"=>"/de/tools"}
REQUESTING PAGE: GET / with {} and HTTP headers {}
REQUESTING PAGE: GET /de/about with {} and HTTP headers {"HTTP_REFERER"=>"/"}
REQUESTING PAGE: GET /de/help with {} and HTTP headers {"HTTP_REFERER"=>"/de/about"}
REQUESTING PAGE: GET /de/contact with {} and HTTP headers {"HTTP_REFERER"=>"/de/help"}
REQUESTING PAGE: GET /de with {} and HTTP headers {"HTTP_REFERER"=>"/de/contact"}
REQUESTING PAGE: GET /de/tools with {} and HTTP headers {"HTTP_REFERER"=>"/de"}
REQUESTING PAGE: GET /de/khplanner with {} and HTTP headers {"HTTP_REFERER"=>"/de/tools"}
REQUESTING PAGE: GET / with {} and HTTP headers {}
REQUESTING PAGE: GET /de/about with {} and HTTP headers {"HTTP_REFERER"=>"/"}
REQUESTING PAGE: GET /de/help with {} and HTTP headers {"HTTP_REFERER"=>"/de/about"}
REQUESTING PAGE: GET /de/contact with {} and HTTP headers {"HTTP_REFERER"=>"/de/help"}
REQUESTING PAGE: GET /de with {} and HTTP headers {"HTTP_REFERER"=>"/de/contact"}
REQUESTING PAGE: GET /de/tools with {} and HTTP headers {"HTTP_REFERER"=>"/de"}
REQUESTING PAGE: GET /de/khplanner with {} and HTTP headers {"HTTP_REFERER"=>"/de/tools"}
REQUESTING PAGE: GET / with {} and HTTP headers {}
REQUESTING PAGE: GET /de/about with {} and HTTP headers {"HTTP_REFERER"=>"/"}
REQUESTING PAGE: GET /de/help with {} and HTTP headers {"HTTP_REFERER"=>"/de/about"}
REQUESTING PAGE: GET /de/contact with {} and HTTP headers {"HTTP_REFERER"=>"/de/help"}
REQUESTING PAGE: GET /de with {} and HTTP headers {"HTTP_REFERER"=>"/de/contact"}
REQUESTING PAGE: GET /de/tools with {} and HTTP headers {"HTTP_REFERER"=>"/de"}
REQUESTING PAGE: GET /de/khplanner with {} and HTTP headers {"HTTP_REFERER"=>"/de/tools"}
REQUESTING PAGE: GET / with {} and HTTP headers {}
REQUESTING PAGE: GET /de/about with {} and HTTP headers {"HTTP_REFERER"=>"/"}
REQUESTING PAGE: GET /de/help with {} and HTTP headers {"HTTP_REFERER"=>"/de/about"}
REQUESTING PAGE: GET /de/contact with {} and HTTP headers {"HTTP_REFERER"=>"/de/help"}
REQUESTING PAGE: GET /de with {} and HTTP headers {"HTTP_REFERER"=>"/de/contact"}
REQUESTING PAGE: GET /de/tools with {} and HTTP headers {"HTTP_REFERER"=>"/de"}
REQUESTING PAGE: GET /de/khplanner with {} and HTTP headers {"HTTP_REFERER"=>"/de/tools"}
REQUESTING PAGE: GET / with {} and HTTP headers {}
REQUESTING PAGE: GET /de/about with {} and HTTP headers {"HTTP_REFERER"=>"/"}
REQUESTING PAGE: GET /de/help with {} and HTTP headers {"HTTP_REFERER"=>"/de/about"}
REQUESTING PAGE: GET /de/contact with {} and HTTP headers {"HTTP_REFERER"=>"/de/help"}
REQUESTING PAGE: GET /de with {} and HTTP headers {"HTTP_REFERER"=>"/de/contact"}
REQUESTING PAGE: GET /de/tools with {} and HTTP headers {"HTTP_REFERER"=>"/de"}
REQUESTING PAGE: GET /de/khplanner with {} and HTTP headers {"HTTP_REFERER"=>"/de/tools"}
REQUESTING PAGE: GET / with {} and HTTP headers {}
REQUESTING PAGE: GET /de/about with {} and HTTP headers {"HTTP_REFERER"=>"/"}
REQUESTING PAGE: GET /de/help with {} and HTTP headers {"HTTP_REFERER"=>"/de/about"}
REQUESTING PAGE: GET /de/contact with {} and HTTP headers {"HTTP_REFERER"=>"/de/help"}
REQUESTING PAGE: GET /de with {} and HTTP headers {"HTTP_REFERER"=>"/de/contact"}
REQUESTING PAGE: GET /de/tools with {} and HTTP headers {"HTTP_REFERER"=>"/de"}
REQUESTING PAGE: GET /de/khplanner with {} and HTTP headers {"HTTP_REFERER"=>"/de/tools"}
REQUESTING PAGE: GET / with {} and HTTP headers {}
REQUESTING PAGE: GET /de/about with {} and HTTP headers {"HTTP_REFERER"=>"/"}
REQUESTING PAGE: GET /de/help with {} and HTTP headers {"HTTP_REFERER"=>"/de/about"}
REQUESTING PAGE: GET /de/contact with {} and HTTP headers {"HTTP_REFERER"=>"/de/help"}
REQUESTING PAGE: GET /de with {} and HTTP headers {"HTTP_REFERER"=>"/de/contact"}
REQUESTING PAGE: GET /de/tools with {} and HTTP headers {"HTTP_REFERER"=>"/de"}
REQUESTING PAGE: GET /de/khplanner with {} and HTTP headers {"HTTP_REFERER"=>"/de/tools"}
REQUESTING PAGE: GET / with {} and HTTP headers {}
REQUESTING PAGE: GET /de/about with {} and HTTP headers {"HTTP_REFERER"=>"/"}
REQUESTING PAGE: GET /de/help with {} and HTTP headers {"HTTP_REFERER"=>"/de/about"}
REQUESTING PAGE: GET /de/contact with {} and HTTP headers {"HTTP_REFERER"=>"/de/help"}
REQUESTING PAGE: GET /de with {} and HTTP headers {"HTTP_REFERER"=>"/de/contact"}
REQUESTING PAGE: GET /de/tools with {} and HTTP headers {"HTTP_REFERER"=>"/de"}
REQUESTING PAGE: GET /de/khplanner with {} and HTTP headers {"HTTP_REFERER"=>"/de/tools"}
REQUESTING PAGE: GET / with {} and HTTP headers {}
REQUESTING PAGE: GET /de/about with {} and HTTP headers {"HTTP_REFERER"=>"/"}
REQUESTING PAGE: GET /de/help with {} and HTTP headers {"HTTP_REFERER"=>"/de/about"}
REQUESTING PAGE: GET /de/contact with {} and HTTP headers {"HTTP_REFERER"=>"/de/help"}
REQUESTING PAGE: GET /de with {} and HTTP headers {"HTTP_REFERER"=>"/de/contact"}
REQUESTING PAGE: GET /de/tools with {} and HTTP headers {"HTTP_REFERER"=>"/de"}
REQUESTING PAGE: GET /de/khplanner with {} and HTTP headers {"HTTP_REFERER"=>"/de/tools"}
REQUESTING PAGE: GET / with {} and HTTP headers {}
REQUESTING PAGE: GET /de/about with {} and HTTP headers {"HTTP_REFERER"=>"/"}
REQUESTING PAGE: GET /de/help with {} and HTTP headers {"HTTP_REFERER"=>"/de/about"}
REQUESTING PAGE: GET /de/contact with {} and HTTP headers {"HTTP_REFERER"=>"/de/help"}
REQUESTING PAGE: GET /de with {} and HTTP headers {"HTTP_REFERER"=>"/de/contact"}
REQUESTING PAGE: GET /de/tools with {} and HTTP headers {"HTTP_REFERER"=>"/de"}
REQUESTING PAGE: GET /de/khplanner with {} and HTTP headers {"HTTP_REFERER"=>"/de/tools"}
REQUESTING PAGE: GET / with {} and HTTP headers {}
REQUESTING PAGE: GET /de/about with {} and HTTP headers {"HTTP_REFERER"=>"/"}
REQUESTING PAGE: GET /de/help with {} and HTTP headers {"HTTP_REFERER"=>"/de/about"}
REQUESTING PAGE: GET /de/contact with {} and HTTP headers {"HTTP_REFERER"=>"/de/help"}
REQUESTING PAGE: GET /de with {} and HTTP headers {"HTTP_REFERER"=>"/de/contact"}
REQUESTING PAGE: GET /de/tools with {} and HTTP headers {"HTTP_REFERER"=>"/de"}
REQUESTING PAGE: GET /de/khplanner with {} and HTTP headers {"HTTP_REFERER"=>"/de/tools"}
REQUESTING PAGE: GET / with {} and HTTP headers {}
REQUESTING PAGE: GET /de/about with {} and HTTP headers {"HTTP_REFERER"=>"/"}
REQUESTING PAGE: GET /de/help with {} and HTTP headers {"HTTP_REFERER"=>"/de/about"}
REQUESTING PAGE: GET /de/contact with {} and HTTP headers {"HTTP_REFERER"=>"/de/help"}
REQUESTING PAGE: GET /de with {} and HTTP headers {"HTTP_REFERER"=>"/de/contact"}
REQUESTING PAGE: GET /de/tools with {} and HTTP headers {"HTTP_REFERER"=>"/de"}
REQUESTING PAGE: GET /de/khplanner with {} and HTTP headers {"HTTP_REFERER"=>"/de/tools"}
REQUESTING PAGE: GET / with {} and HTTP headers {}
REQUESTING PAGE: GET /de/about with {} and HTTP headers {"HTTP_REFERER"=>"/"}
REQUESTING PAGE: GET /de/help with {} and HTTP headers {"HTTP_REFERER"=>"/de/about"}
REQUESTING PAGE: GET /de/contact with {} and HTTP headers {"HTTP_REFERER"=>"/de/help"}
REQUESTING PAGE: GET /de with {} and HTTP headers {"HTTP_REFERER"=>"/de/contact"}
REQUESTING PAGE: GET /de/tools with {} and HTTP headers {"HTTP_REFERER"=>"/de"}
REQUESTING PAGE: GET /de/khplanner with {} and HTTP headers {"HTTP_REFERER"=>"/de/tools"}
REQUESTING PAGE: GET / with {} and HTTP headers {}
REQUESTING PAGE: GET /de/about with {} and HTTP headers {"HTTP_REFERER"=>"/"}
REQUESTING PAGE: GET /de/help with {} and HTTP headers {"HTTP_REFERER"=>"/de/about"}
REQUESTING PAGE: GET /de/contact with {} and HTTP headers {"HTTP_REFERER"=>"/de/help"}
REQUESTING PAGE: GET /de with {} and HTTP headers {"HTTP_REFERER"=>"/de/contact"}
REQUESTING PAGE: GET /de/tools with {} and HTTP headers {"HTTP_REFERER"=>"/de"}
REQUESTING PAGE: GET /de/khplanner with {} and HTTP headers {"HTTP_REFERER"=>"/de/tools"}
REQUESTING PAGE: GET / with {} and HTTP headers {}
REQUESTING PAGE: GET /de/about with {} and HTTP headers {"HTTP_REFERER"=>"/"}
REQUESTING PAGE: GET /de/help with {} and HTTP headers {"HTTP_REFERER"=>"/de/about"}
REQUESTING PAGE: GET /de/contact with {} and HTTP headers {"HTTP_REFERER"=>"/de/help"}
REQUESTING PAGE: GET /de with {} and HTTP headers {"HTTP_REFERER"=>"/de/contact"}
REQUESTING PAGE: GET /de/tools with {} and HTTP headers {"HTTP_REFERER"=>"/de"}
REQUESTING PAGE: GET /de/khplanner with {} and HTTP headers {"HTTP_REFERER"=>"/de/tools"}
REQUESTING PAGE: GET / with {} and HTTP headers {}
REQUESTING PAGE: GET /de/about with {} and HTTP headers {"HTTP_REFERER"=>"/"}
REQUESTING PAGE: GET /de/help with {} and HTTP headers {"HTTP_REFERER"=>"/de/about"}
REQUESTING PAGE: GET /de/contact with {} and HTTP headers {"HTTP_REFERER"=>"/de/help"}
REQUESTING PAGE: GET /de with {} and HTTP headers {"HTTP_REFERER"=>"/de/contact"}
REQUESTING PAGE: GET /de/tools with {} and HTTP headers {"HTTP_REFERER"=>"/de"}
REQUESTING PAGE: GET /de/khplanner with {} and HTTP headers {"HTTP_REFERER"=>"/de/tools"}
REQUESTING PAGE: GET / with {} and HTTP headers {}
REQUESTING PAGE: GET /de/about with {} and HTTP headers {"HTTP_REFERER"=>"/"}
REQUESTING PAGE: GET /de/help with {} and HTTP headers {"HTTP_REFERER"=>"/de/about"}
REQUESTING PAGE: GET /de/contact with {} and HTTP headers {"HTTP_REFERER"=>"/de/help"}
REQUESTING PAGE: GET /de with {} and HTTP headers {"HTTP_REFERER"=>"/de/contact"}
REQUESTING PAGE: GET /de/tools with {} and HTTP headers {"HTTP_REFERER"=>"/de"}
REQUESTING PAGE: GET /de/khplanner with {} and HTTP headers {"HTTP_REFERER"=>"/de/tools"}
REQUESTING PAGE: GET / with {} and HTTP headers {}
REQUESTING PAGE: GET /de/about with {} and HTTP headers {"HTTP_REFERER"=>"/"}
REQUESTING PAGE: GET /de/help with {} and HTTP headers {"HTTP_REFERER"=>"/de/about"}
REQUESTING PAGE: GET /de/contact with {} and HTTP headers {"HTTP_REFERER"=>"/de/help"}
REQUESTING PAGE: GET /de with {} and HTTP headers {"HTTP_REFERER"=>"/de/contact"}
REQUESTING PAGE: GET /de/tools with {} and HTTP headers {"HTTP_REFERER"=>"/de"}
REQUESTING PAGE: GET /de/khplanner with {} and HTTP headers {"HTTP_REFERER"=>"/de/tools"}
REQUESTING PAGE: GET / with {} and HTTP headers {}
REQUESTING PAGE: GET /de/about with {} and HTTP headers {"HTTP_REFERER"=>"/"}
REQUESTING PAGE: GET /de/help with {} and HTTP headers {"HTTP_REFERER"=>"/de/about"}
REQUESTING PAGE: GET /de/contact with {} and HTTP headers {"HTTP_REFERER"=>"/de/help"}
REQUESTING PAGE: GET /de with {} and HTTP headers {"HTTP_REFERER"=>"/de/contact"}
REQUESTING PAGE: GET /de/tools with {} and HTTP headers {"HTTP_REFERER"=>"/de"}
REQUESTING PAGE: GET /de/khplanner with {} and HTTP headers {"HTTP_REFERER"=>"/de/tools"}
REQUESTING PAGE: GET / with {} and HTTP headers {}
REQUESTING PAGE: GET /de/about with {} and HTTP headers {"HTTP_REFERER"=>"/"}
REQUESTING PAGE: GET /de/help with {} and HTTP headers {"HTTP_REFERER"=>"/de/about"}
REQUESTING PAGE: GET /de/contact with {} and HTTP headers {"HTTP_REFERER"=>"/de/help"}
REQUESTING PAGE: GET /de with {} and HTTP headers {"HTTP_REFERER"=>"/de/contact"}
REQUESTING PAGE: GET /de/tools with {} and HTTP headers {"HTTP_REFERER"=>"/de"}
REQUESTING PAGE: GET /de/khplanner with {} and HTTP headers {"HTTP_REFERER"=>"/de/tools"}
